<?xml version="1.0" encoding="UTF-8"?>
<!-- Generated by org.testng.reporters.JUnitReportReporter -->
<testsuite hostname="DESKTOP-6RPD72U" failures="0" tests="1" name="testCases.TC_002_LoginTest" time="1.165" errors="0" timestamp="2024-02-25T10:16:55 IST" skipped="0">
  <testcase classname="testCases.TC_002_LoginTest" name="test_Login" time="1.165"/>
</testsuite> <!-- testCases.TC_002_LoginTest -->
