<?xml version="1.0" encoding="UTF-8"?>
<!-- Generated by org.testng.reporters.JUnitReportReporter -->
<testsuite hostname="DESKTOP-6RPD72U" failures="0" tests="1" name="testCases.TC_001_AccountRegistrationTest" time="2.641" errors="0" timestamp="2024-03-05T06:49:26 IST" skipped="0">
  <testcase classname="testCases.TC_001_AccountRegistrationTest" name="test_accountRegistration" time="2.641"/>
</testsuite> <!-- testCases.TC_001_AccountRegistrationTest -->
